<?xml version="1.0" encoding="UTF-8"?>
<!-- Generated by org.testng.reporters.JUnitReportReporter -->
<testsuite hostname="DESKTOP-IETAUSP" failures="0" tests="1" name="testBase.TC001_AccountRegistrationTest" time="4.545" errors="0" timestamp="2025-04-21T16:41:10 IST" skipped="0">
  <testcase classname="testBase.TC001_AccountRegistrationTest" name="verfiy_account_resgistration" time="4.545"/>
</testsuite> <!-- testBase.TC001_AccountRegistrationTest -->
