<?xml version="1.0" encoding="UTF-8"?>
<!-- Generated by org.testng.reporters.JUnitReportReporter -->
<testsuite hostname="DESKTOP-IETAUSP" failures="0" tests="4" name="testCases.TC003_LoginDDT" time="38.069" errors="0" timestamp="2025-04-24T14:31:55 IST" skipped="0">
  <testcase classname="testCases.TC003_LoginDDT" name="verify_LoginDDT" time="3.579"/>
  <testcase classname="testCases.TC003_LoginDDT" name="verify_LoginDDT" time="11.757"/>
  <testcase classname="testCases.TC003_LoginDDT" name="verify_LoginDDT" time="11.516"/>
  <testcase classname="testCases.TC003_LoginDDT" name="verify_LoginDDT" time="11.217"/>
</testsuite> <!-- testCases.TC003_LoginDDT -->
