<?xml version="1.0" encoding="UTF-8"?>
<!-- Generated by org.testng.reporters.JUnitReportReporter -->
<testsuite hostname="DESKTOP-IETAUSP" failures="0" tests="1" name="testCases.TC001_AccountRegistrationTest" time="4.230" errors="0" timestamp="2025-04-26T16:03:24 IST" skipped="0">
  <testcase classname="testCases.TC001_AccountRegistrationTest" name="verfiy_account_resgistration" time="4.230"/>
</testsuite> <!-- testCases.TC001_AccountRegistrationTest -->
