<?xml version="1.0" encoding="UTF-8"?>
<!-- Generated by org.testng.reporters.JUnitReportReporter -->
<testsuite hostname="DESKTOP-IETAUSP" failures="0" tests="1" name="testCases.TC002_LoginTest" time="1.924" errors="0" timestamp="2025-04-28T08:49:04 IST" skipped="0">
  <testcase classname="testCases.TC002_LoginTest" name="verify_login" time="1.924"/>
</testsuite> <!-- testCases.TC002_LoginTest -->
