<?xml version="1.0" encoding="UTF-8"?>
<!-- Generated by org.testng.reporters.JUnitReportReporter -->
<testsuite hostname="DESKTOP-IETAUSP" failures="0" tests="1" name="testCases.TC002_LoginTest" time="2.391" errors="0" timestamp="2025-04-27T19:29:47 IST" skipped="0">
  <testcase classname="testCases.TC002_LoginTest" name="verify_login" time="2.391"/>
</testsuite> <!-- testCases.TC002_LoginTest -->
