<?xml version="1.0" encoding="UTF-8"?>
<!-- Generated by org.testng.reporters.JUnitReportReporter -->
<testsuite hostname="DESKTOP-IETAUSP" failures="0" tests="1" name="testCases.TC001_AccountRegistrationTest" time="2.871" errors="0" timestamp="2025-04-28T08:49:04 IST" skipped="0">
  <testcase classname="testCases.TC001_AccountRegistrationTest" name="verfiy_account_resgistration" time="2.871"/>
</testsuite> <!-- testCases.TC001_AccountRegistrationTest -->
